Checking for deprecated package usage... OK
Checking for remote package usage... OK
Checking for 'LazyData: true' usage... OK
Checking version number... OK
Checking version number validity... OK
Checking R version dependency... OK
Checking package size... OK
Checking individual file sizes... OK
Checking biocViews... OK
Checking that biocViews are present... OK
Checking package type based on biocViews... OK
Checking for non-trivial biocViews... OK
Checking that biocViews come from the same category... OK
Checking biocViews validity... OK
Checking for recommended biocViews... OK
Checking build system compatibility... OK
Checking for proper Description: field... OK
Checking if DESCRIPTION is well formatted... OK
Checking for whitespace in DESCRIPTION field names... OK
Checking that Package field matches directory/tarball name... OK
Checking for Version: field... OK
Checking for valid maintainer... OK
Checking License: for restrictive use... OK
Checking for recommended DESCRIPTION fields... OK
Checking for Bioconductor software dependencies... OK
Checking for pinned package versions in DESCRIPTION... OK
Checking for 'fnd' role in Authors@R...
No 'fnd' role found in Authors@R. If the work is supported
        by a grant, consider adding the 'fnd' role to the list of authors.
Checking NAMESPACE... OK
Checking .Rbuildignore... OK
Checking for stray BiocCheck output folders...
Remove 'growkar.BiocCheck' from the package directory
Checking for inst/doc folders... OK
Checking vignette directory... OK
Checking package installation calls in R code... OK
Checking for library/require of growkar... OK
Checking coding practice... OK
Checking parsed R code in R directory, examples, vignettes...
Avoid 'suppressWarnings'/'*Messages' if possible (found 7 times)
suppressWarnings() in R/as_summarized_experiment.R (line 149, column 18)
suppressWarnings() in R/as_tidy_growth_data.R (line 190, column 3)
suppressWarnings() in R/compute_growth_rate.R (line 371, column 18)
suppressWarnings() in R/fit_growth_curve.R (line 66, column 5)
suppressWarnings() in R/fit_growth_curve.R (line 104, column 13)
suppressWarnings() in R/fit_growth_curve.R (line 105, column 13)
suppressWarnings() in R/growth_experiment.R (line 105, column 20)
Checking function lengths...
The recommended function length is 50 lines or less. There are 13 functions greater than 50 lines.
The longest 5 functions are:
plot_doubling_time() (R/plot_doubling_time.R): 151 lines
fit_growth_curve() (R/fit_growth_curve.R):  97 lines
plot_fitted_curve() (R/plot_fitted_curve.R):  94 lines
plot_growth_curve() (R/plot_growth_curve.R):  74 lines
compute_growth_rate_rule_based() (R/compute_growth_rate.R):  70 lines
Checking man page documentation... OK
Checking package NEWS... OK
Checking unit tests... OK
Checking skip_on_bioc() in tests... OK
Checking formatting of DESCRIPTION, NAMESPACE, man pages, R source, and vignette source...
Consider shorter lines; 115 lines (4%) are > 80 characters long.
First few lines:
R/as_summarized_experiment.R#L66   row_data <- S4Vectors::DataFrame(time  ...
R/as_summarized_experiment.R#L114       "Sample metadata must be unique pe ...
R/as_summarized_experiment.R#L151     stop("`SummarizedExperiment` input m ...
R/as_tidy_growth_data.R#L54   resolved_time_col <- growkar_resolve_c ...
R/as_tidy_growth_data.R#L55   resolved_sample_col <- growkar_resolve ...
R/as_tidy_growth_data.R#L56   resolved_od_col <- growkar_resolve_col ...
R/as_tidy_growth_data.R#L61     extra_cols <- setdiff(names(data), c ...
R/as_tidy_growth_data.R#L96   metadata <- growkar_infer_sample_metad ...
R/as_tidy_growth_data.R#L105 growkar_resolve_column_name <- function( ...
R/as_tidy_growth_data.R#L145       " row(s) with non-numeric time val ...
R/as_tidy_growth_data.R#L169       as.numeric(part[[1]]) + as.numeric ...
R/as_tidy_growth_data.R#L199   if (length(parts) == 0L || any(part_le ...
R/compute_growth_rate.R#L69                                 method = ...
R/compute_growth_rate.R#L84         "`select_replicates` requires a  ...
R/compute_growth_rate.R#L89     tidy_data <- dplyr::filter(tidy_data ...
R/compute_growth_rate.R#L103   sample_list <- split(tidy_data, factor ...
R/compute_growth_rate.R#L128   windows <- detect_exponential_phase(da ...
R/compute_growth_rate.R#L133     return(growkar_metric_result(sample_ ...
R/compute_growth_rate.R#L138     growkar_warn_metric(sample_id, paste ...
R/compute_growth_rate.R#L169     growkar_warn_metric(sample_id, "Defi ...
R/compute_growth_rate.R#L184     growkar_warn_metric(sample_id, "Defi ...
R/compute_growth_rate.R#L198     growkar_warn_metric(sample_id, "Defi ...
R/compute_growth_rate.R#L230     growkar_warn_metric(sample_id, "Rule ...
R/compute_growth_rate.R#L240   reference_time <- if (is.null(first_ti ...
R/compute_growth_rate.R#L245     growkar_warn_metric(sample_id, "Rule ...
R/compute_growth_rate.R#L270     growkar_warn_metric(sample_id, "Rule ...
R/compute_growth_rate.R#L296     stop("`interval` must be supplied fo ...
R/compute_growth_rate.R#L306       stop("Interval data frames must ha ...
R/compute_growth_rate.R#L317       stop("Intervals must contain finit ...
R/compute_growth_rate.R#L327   sample_col <- growkar_resolve_column_n ...
R/compute_growth_rate.R#L359     return(list(success = FALSE, slope = ...
R/compute_growth_rate.R#L363     return(list(success = FALSE, slope = ...
R/compute_growth_rate.R#L368     return(list(success = FALSE, slope = ...
R/data.R#L3 #' A dataset containing the time-interva ...
R/data.R#L10 #'   \item{Cg_R1, Cg_R2, Cg_R3}{Optical  ...
R/data.R#L11 #'   \item{CgFlu_R1, CgFlu_R2, CgFlu_R3} ...
R/data.R#L12 #'   \item{YPD_R1, YPD_R2, YPD_R3}{Optic ...
R/detect_exponential_phase.R#L30 #' phase_tbl <- detect_exponential_phase ...
R/detect_exponential_phase.R#L50         "`select_replicates` requires a  ...
R/detect_exponential_phase.R#L70   purrr::map_dfr(sample_list, detect_exp ...
R/detect_exponential_phase.R#L73 detect_exponential_phase_single_sample < ...
R/detect_exponential_phase.R#L95   windows <- purrr::map_dfr(seq_len(nrow ...
R/detect_exponential_phase.R#L121     dplyr::arrange(dplyr::desc(.data$slo ...
R/fit_growth_curve.R#L29     stop("`fit_growth_curve()` requires  ...
R/fit_growth_curve.R#L64   lower <- c(K = max(max(data$od, na.rm  ...
R/fit_growth_curve.R#L91   fitted_values <- tibble::tibble(time = ...
R/fit_growth_curve.R#L104       aic = suppressWarnings(tryCatch(st ...
R/fit_growth_curve.R#L105       bic = suppressWarnings(tryCatch(st ...
R/fit_growth_curve.R#L122   slope_estimates <- diff(log(pmax(data$ ...
R/fit_growth_curve.R#L124   r <- if (length(slope_estimates) == 0L ...
R/fit_growth_curve.R#L141                                starting_ ...
R/fit_growth_curve.R#L142                                bounds =  ...
R/growkar_data.R#L43       metrics = if (is.null(metrics)) ti ...
R/growth_experiment.R#L92       stop("`SummarizedExperiment` input ...
R/growth_experiment.R#L105     time_values <- suppressWarnings(as.n ...
R/growth_experiment.R#L108         "`SummarizedExperiment` input mu ...
R/growth_experiment.R#L160     stop("`rowData(x)$time` must contain ...
R/growth_experiment.R#L168     stop("`assay(x, \"od\")` rows must m ...
R/growth_experiment.R#L172     stop("`assay(x, \"od\")` must contai ...
R/plot_doubling_time.R#L45                                method =  ...
R/plot_doubling_time.R#L60     comparison_col <- if ("condition" %i ...
R/plot_doubling_time.R#L89     stop("`comparison_col` must be prese ...
R/plot_doubling_time.R#L92   comparison_levels <- input_levels[inpu ...
R/plot_doubling_time.R#L98     if (!isTRUE(average_replicates) && ! ...
R/plot_doubling_time.R#L102     summary_tbl <- dplyr::filter(summary ...
R/plot_doubling_time.R#L109     summary_tbl[[comparison_col]] <- fac ...
R/plot_doubling_time.R#L112       ggplot2::aes(x = .data[[comparison ...
R/plot_doubling_time.R#L123     summary_tbl[[comparison_col]] <- fac ...
R/plot_doubling_time.R#L124     y_max <- max(summary_tbl$mean_doubli ...
R/plot_doubling_time.R#L129       ggplot2::aes(x = .data[[comparison ...
R/plot_doubling_time.R#L134           ymin = pmax(.data$mean_doublin ...
R/plot_doubling_time.R#L159             ggplot2::aes(x = .data$x_ref ...
R/plot_doubling_time.R#L164             ggplot2::aes(x = .data$x_ref ...
R/plot_doubling_time.R#L169             ggplot2::aes(x = .data$x_gro ...
R/plot_doubling_time.R#L174             ggplot2::aes(x = .data$x_mid ...
R/plot_doubling_time.R#L185     select_palette(length(unique(summary ...
R/plot_doubling_time.R#L188   p + ggplot2::scale_fill_manual(values  ...
R/plot_doubling_time.R#L191 growkar_bracket_annotations <- function( ...
R/plot_doubling_time.R#L207     dplyr::filter(.data[[comparison_col] ...
R/plot_doubling_time.R#L214   ref_top <- summary_tbl$mean_doubling_t ...
R/plot_fitted_curve.R#L52         ggplot2::geom_line(ggplot2::aes( ...
R/plot_fitted_curve.R#L67         "`select_replicates` requires a  ...
R/plot_fitted_curve.R#L87       "`facet_col = \"replicate\"` is ig ...
R/plot_fitted_curve.R#L94     stop("`colour_col` must refer to a c ...
R/plot_fitted_curve.R#L98     stop("`facet_col` must refer to a co ...
R/plot_fitted_curve.R#L111     ggplot2::theme(panel.grid.minor = gg ...
R/plot_fitted_curve.R#L122     select_palette(length(unique(augment ...
R/plot_growth_curve.R#L50       "`facet_col = \"replicate\"` is ig ...
R/plot_growth_curve.R#L73     ggplot2::aes(x = .data$time, y = .da ...
R/plot_growth_curve.R#L87       ggplot2::aes(ymin = .data$od_mean  ...
R/plot_growth_curve.R#L99     select_palette(length(unique(plot_da ...
R/plot_growth_curve.R#L102   p + ggplot2::scale_colour_manual(value ...
R/plot_growth_curve.R#L169   source_col <- if ("condition" %in% nam ...
R/plot_growth_curve.R#L177   source_col <- if ("condition" %in% nam ...
R/se_helpers.R#L18 #' se <- growth_metrics(se, method = "ro ...
R/se_helpers.R#L22                            method = c("r ...
R/select_palette.R#L41     dplyr::mutate(colors = purrr::map2(. ...
R/summarize_growth_metrics.R#L44                                      met ...
R/summarize_growth_metrics.R#L65         "`average_replicates = TRUE` can ...
R/summarize_growth_metrics.R#L82     replicate_metrics <- dplyr::left_joi ...
R/summarize_growth_metrics.R#L110                                          ...
R/summarize_growth_metrics.R#L114   if (!is.null(compare_to) && !compare_t ...
R/summarize_growth_metrics.R#L152                                          ...
R/summarize_growth_metrics.R#L204     p_value <- if (is.null(test_result)) ...
R/validate_growth_data.R#L38   validate_min_points_per_sample(data, m ...
R/validate_growth_data.R#L71       "`sample`, `time`, and `od` must n ...
R/validate_growth_data.R#L88       "`time` and `od` must contain only ...
R/validate_growth_data.R#L105       "Negative `od` values are not allo ...
R/validate_growth_data.R#L114   duplicate_rows <- duplicated(data[c("s ...
R/validate_growth_data.R#L116     duplicate_keys <- unique(data[duplic ...
R/validate_growth_data.R#L118       "Duplicate `sample`-`time` rows ar ...
R/validate_growth_data.R#L144       "`time` must be strictly increasin ...
R/validate_growth_data.R#L163     sample_labels <- paste0(bad_samples$ ...
R/validate_growth_data.R#L183       "Zero `od` values detected. Log-ba ...
vignettes/growkar-introduction.Rmd#L81 - `metadata(se)`: derived results such a ...
Consider multiples of 4 spaces for line indents; 1078 lines (35%) are not.
First few lines:
R/as_summarized_experiment.R#L28                                      sam ...
R/as_summarized_experiment.R#L29                                      tim ...
R/as_summarized_experiment.R#L30                                      od_ ...
R/as_summarized_experiment.R#L31                                      sam ...
R/as_summarized_experiment.R#L32   tidy_data <- as_tidy_growth_data( ...
R/as_summarized_experiment.R#L38   ) ...
R/as_summarized_experiment.R#L39   tidy_data <- validate_growth_data(tidy ...
R/as_summarized_experiment.R#L41   growkar_build_summarized_experiment(ti ...
R/as_summarized_experiment.R#L45   sample_metadata <- growkar_sample_meta ...
R/as_summarized_experiment.R#L46   timepoints <- sort(unique(tidy_data$ti ...
R/as_summarized_experiment.R#L47   samples <- sample_metadata$sample ...
R/as_summarized_experiment.R#L49   assay_tbl <- tidy_data |> ...
R/as_summarized_experiment.R#L52       names_from = "sample", ...
R/as_summarized_experiment.R#L53       values_from = "od" ...
R/as_summarized_experiment.R#L57   assay_mat <- assay_tbl |> ...
R/as_summarized_experiment.R#L61   storage.mode(assay_mat) <- "double" ...
R/as_summarized_experiment.R#L62   colnames(assay_mat) <- names(assay_tbl ...
R/as_summarized_experiment.R#L63   rownames(assay_mat) <- as.character(as ...
R/as_summarized_experiment.R#L64   assay_mat <- assay_mat[, samples, drop ...
R/as_summarized_experiment.R#L66   row_data <- S4Vectors::DataFrame(time  ...
R/as_summarized_experiment.R#L67   col_data <- S4Vectors::DataFrame( ...
R/as_summarized_experiment.R#L70   ) ...
R/as_summarized_experiment.R#L72   schema_meta <- list( ...
R/as_summarized_experiment.R#L74       assay = "od", ...
R/as_summarized_experiment.R#L75       rows = "timepoints", ...
R/as_summarized_experiment.R#L76       columns = "samples" ...
R/as_summarized_experiment.R#L78   ) ...
R/as_summarized_experiment.R#L80   SummarizedExperiment::SummarizedExperi ...
R/as_summarized_experiment.R#L85   ) ...
R/as_summarized_experiment.R#L89   sample_metadata[] <- lapply(names(samp ...
R/as_summarized_experiment.R#L93       return(column) ...
R/as_summarized_experiment.R#L97       list(factor(column, levels = uniqu ...
R/as_summarized_experiment.R#L98       column_name ...
R/as_summarized_experiment.R#L100   }) ...
R/as_summarized_experiment.R#L102   sample_metadata ...
R/as_summarized_experiment.R#L106   meta_cols <- setdiff(names(data), c("s ...
R/as_summarized_experiment.R#L107   metadata <- data |> ...
R/as_summarized_experiment.R#L111   duplicated_samples <- metadata$sample[ ...
R/as_summarized_experiment.R#L112   if (length(duplicated_samples) > 0L) { ...
R/as_summarized_experiment.R#L114       "Sample metadata must be unique pe ...
R/as_summarized_experiment.R#L115       paste(utils::head(unique(duplicate ...
R/as_summarized_experiment.R#L116       ".", ...
R/as_summarized_experiment.R#L117       call. = FALSE ...
R/as_summarized_experiment.R#L119   } ...
R/as_summarized_experiment.R#L121   metadata ...
R/as_summarized_experiment.R#L125   assay_names <- SummarizedExperiment::a ...
R/as_summarized_experiment.R#L126   assay_name <- if ("od" %in% assay_name ...
R/as_summarized_experiment.R#L128   if (is.null(assay_name) || length(assa ...
R/as_summarized_experiment.R#L130   } ...
R/as_summarized_experiment.R#L132   assay_mat <- SummarizedExperiment::ass ...
R/as_summarized_experiment.R#L133   time_df <- as.data.frame(SummarizedExp ...
R/as_summarized_experiment.R#L134   col_df <- as.data.frame(SummarizedExpe ...
R/as_summarized_experiment.R#L135   col_df[] <- lapply(col_df, function(co ...
R/as_summarized_experiment.R#L137       as.character(column) ...
R/as_summarized_experiment.R#L139       column ...
R/as_summarized_experiment.R#L141   }) ...
R/as_summarized_experiment.R#L143   if ("time" %in% names(time_df)) { ...
R/as_summarized_experiment.R#L145   } else { ...
R/as_summarized_experiment.R#L147   } ...
R/as_summarized_experiment.R#L149   time_values <- suppressWarnings(as.num ...
R/as_summarized_experiment.R#L150   if (anyNA(time_values)) { ...
R/as_summarized_experiment.R#L152   } ...
R/as_summarized_experiment.R#L154   tidy_data <- tibble::as_tibble(assay_m ...
R/as_summarized_experiment.R#L157       cols = -"time", ...
R/as_summarized_experiment.R#L158       names_to = "sample", ...
R/as_summarized_experiment.R#L159       values_to = "od" ...
R/as_summarized_experiment.R#L162   if (nrow(col_df) > 0L) { ...
R/as_summarized_experiment.R#L164       as.character(col_df$sample) ...
R/as_summarized_experiment.R#L166       colnames(assay_mat) ...
R/as_summarized_experiment.R#L170       tidy_data, ...
R/as_summarized_experiment.R#L171       tibble::as_tibble(col_df), ...
R/as_summarized_experiment.R#L172       by = "sample" ...
R/as_summarized_experiment.R#L174   } ...
R/as_summarized_experiment.R#L176   tibble::as_tibble(tidy_data) ...
R/as_tidy_growth_data.R#L45   if (inherits(data, "SummarizedExperime ...
R/as_tidy_growth_data.R#L47   } ...
R/as_tidy_growth_data.R#L49   if (inherits(data, "growkar_data")) { ...
R/as_tidy_growth_data.R#L51   } ...
R/as_tidy_growth_data.R#L53   data <- tibble::as_tibble(data) ...
R/as_tidy_growth_data.R#L54   resolved_time_col <- growkar_resolve_c ...
R/as_tidy_growth_data.R#L55   resolved_sample_col <- growkar_resolve ...
R/as_tidy_growth_data.R#L56   resolved_od_col <- growkar_resolve_col ...
R/as_tidy_growth_data.R#L58   if (!is.null(resolved_sample_col) && ...
R/as_tidy_growth_data.R#L59       !is.null(resolved_time_col) && ...
R/as_tidy_growth_data.R#L60       !is.null(resolved_od_col)) { ...
R/as_tidy_growth_data.R#L63       data, ...
R/as_tidy_growth_data.R#L64       sample = as.character(.data[[resol ...
R/as_tidy_growth_data.R#L65       time = .data[[resolved_time_col]], ...
R/as_tidy_growth_data.R#L66       od = .data[[resolved_od_col]], ...
R/as_tidy_growth_data.R#L67       !!!rlang::syms(extra_cols) ...
R/as_tidy_growth_data.R#L69   } else { ...
R/as_tidy_growth_data.R#L71       names(data)[1] <- "time" ...
R/as_tidy_growth_data.R#L73       names(data)[names(data) == resolve ...
R/as_tidy_growth_data.R#L77       stop("`data` must contain a time c ...
R/as_tidy_growth_data.R#L82       stop("`data` must contain at least ...
R/as_tidy_growth_data.R#L86       data = data, ...
R/as_tidy_growth_data.R#L87       cols = dplyr::all_of(value_cols), ...
R/as_tidy_growth_data.R#L88       names_to = "sample", ...
R/as_tidy_growth_data.R#L89       values_to = "od" ...
R/as_tidy_growth_data.R#L91   } ...
R/as_tidy_growth_data.R#L93   tidy_data <- tibble::as_tibble(tidy_da ...
R/as_tidy_growth_data.R#L94   tidy_data <- growkar_normalize_machine ...
R/as_tidy_growth_data.R#L96   metadata <- growkar_infer_sample_metad ...
R/as_tidy_growth_data.R#L97   metadata_cols <- setdiff(names(metadat ...
R/as_tidy_growth_data.R#L98   if (length(metadata_cols) > 0L) { ...
R/as_tidy_growth_data.R#L100   } ...
R/as_tidy_growth_data.R#L102   tidy_data ...
R/as_tidy_growth_data.R#L106   if (requested %in% column_names) { ...
R/as_tidy_growth_data.R#L108   } ...
R/as_tidy_growth_data.R#L110   matches <- aliases[aliases %in% column ...
R/as_tidy_growth_data.R#L111   if (length(matches) > 0L) { ...
R/as_tidy_growth_data.R#L113   } ...
R/as_tidy_growth_data.R#L115   NULL ...
R/as_tidy_growth_data.R#L119   c( ...
R/as_tidy_growth_data.R#L123   ) ...
R/as_tidy_growth_data.R#L127   c("sample", "Sample", "SAMPLE", "well" ...
R/as_tidy_growth_data.R#L131   c( ...
R/as_tidy_growth_data.R#L135   ) ...
R/as_tidy_growth_data.R#L139   parsed_time <- growkar_parse_time_valu ...
R/as_tidy_growth_data.R#L140   dropped_rows <- sum(is.na(parsed_time) ...
R/as_tidy_growth_data.R#L142   if (dropped_rows > 0L) { ...
R/as_tidy_growth_data.R#L144       "Dropped ", dropped_rows, ...
R/as_tidy_growth_data.R#L145       " row(s) with non-numeric time val ...
R/as_tidy_growth_data.R#L146       call. = FALSE ...
R/as_tidy_growth_data.R#L148   } ...
R/as_tidy_growth_data.R#L150   data <- data[!is.na(parsed_time), , dr ...
R/as_tidy_growth_data.R#L151   data$time <- parsed_time[!is.na(parsed ...
R/as_tidy_growth_data.R#L152   data$od <- growkar_parse_numeric_value ...
R/as_tidy_growth_data.R#L153   data ...
R/as_tidy_growth_data.R#L157   if (is.numeric(x)) { ...
R/as_tidy_growth_data.R#L159   } ...
R/as_tidy_growth_data.R#L161   x <- trimws(as.character(x)) ...
R/as_tidy_growth_data.R#L162   hms_pattern <- "^[0-9]{1,2}:[0-9]{2}:[ ...
R/as_tidy_growth_data.R#L163   out <- rep(NA_real_, length(x)) ...
R/as_tidy_growth_data.R#L165   hms_idx <- grepl(hms_pattern, x) ...
R/as_tidy_growth_data.R#L166   if (any(hms_idx)) { ...
R/as_tidy_growth_data.R#L169       as.numeric(part[[1]]) + as.numeric ...
R/as_tidy_growth_data.R#L171   } ...
R/as_tidy_growth_data.R#L173   numeric_idx <- !hms_idx ...
R/as_tidy_growth_data.R#L174   if (any(numeric_idx)) { ...
R/as_tidy_growth_data.R#L176   } ...
R/as_tidy_growth_data.R#L178   out ...
R/as_tidy_growth_data.R#L182   if (is.numeric(x)) { ...
R/as_tidy_growth_data.R#L184   } ...
R/as_tidy_growth_data.R#L186   x <- trimws(as.character(x)) ...
R/as_tidy_growth_data.R#L187   x[x == ""] <- NA_character_ ...
R/as_tidy_growth_data.R#L188   x <- sub(",", ".", x, fixed = TRUE) ...
R/as_tidy_growth_data.R#L190   suppressWarnings(as.numeric(x)) ...
R/as_tidy_growth_data.R#L194   sample <- as.character(sample) ...
R/as_tidy_growth_data.R#L195   parts <- strsplit(sample, split = samp ...
R/as_tidy_growth_data.R#L196   part_lengths <- lengths(parts) ...
R/as_tidy_growth_data.R#L198   out <- tibble::tibble() ...
R/as_tidy_growth_data.R#L199   if (length(parts) == 0L || any(part_le ...
R/as_tidy_growth_data.R#L201   } ...
R/as_tidy_growth_data.R#L203   if (unique(part_lengths) == 2L) { ...
R/as_tidy_growth_data.R#L205       condition = vapply(parts, `[`, cha ...
R/as_tidy_growth_data.R#L206       replicate = vapply(parts, `[`, cha ...
R/as_tidy_growth_data.R#L208   } ...
R/as_tidy_growth_data.R#L210   if (unique(part_lengths) >= 3L) { ...
R/as_tidy_growth_data.R#L212       condition = vapply(parts, `[`, cha ...
R/as_tidy_growth_data.R#L213       plate = vapply( ...
R/as_tidy_growth_data.R#L217       ), ...
R/as_tidy_growth_data.R#L218       replicate = vapply(parts, function ...
R/as_tidy_growth_data.R#L220   } ...
R/as_tidy_growth_data.R#L222   out ...
R/augment_growth_fit.R#L17   if (!inherits(fit, "growkar_fit")) { ...
R/augment_growth_fit.R#L19   } ...
R/augment_growth_fit.R#L21   dplyr::left_join(fit$data, fit$fitted, ...
R/compute_doubling_time.R#L19   ifelse(is.na(mu) | mu <= 0, NA_real_,  ...
R/compute_growth_rate.R#L76   method <- match.arg(method) ...
R/compute_growth_rate.R#L77   se <- growkar_as_se(data) ...
R/compute_growth_rate.R#L78   tidy_data <- as_tidy_growth_data(se) ...
R/compute_growth_rate.R#L79   tidy_data <- validate_growth_data(tidy ...
R/compute_growth_rate.R#L81   if (!is.null(select_replicates)) { ...
R/compute_growth_rate.R#L83       stop( ...
R/compute_growth_rate.R#L86       ) ...
R/compute_growth_rate.R#L91       stop("No rows remain after filteri ...
R/compute_growth_rate.R#L93   } ...
R/compute_growth_rate.R#L95   if (isTRUE(average_replicates)) { ...
R/compute_growth_rate.R#L97       dplyr::mutate(od = .data$od_mean)  ...
R/compute_growth_rate.R#L98       dplyr::select(-dplyr::any_of(c("od ...
R/compute_growth_rate.R#L100   } ...
R/compute_growth_rate.R#L102   sample_levels <- unique(as.character(t ...
R/compute_growth_rate.R#L103   sample_list <- split(tidy_data, factor ...
R/compute_growth_rate.R#L104   results <- purrr::map_dfr(sample_list, ...
R/compute_growth_rate.R#L106       method, ...
R/compute_growth_rate.R#L107       rolling_window = compute_growth_ra ...
R/compute_growth_rate.R#L111       ), ...
R/compute_growth_rate.R#L112       defined_interval = compute_growth_ ...
R/compute_growth_rate.R#L116       ), ...
R/compute_growth_rate.R#L117       rule_based = compute_growth_rate_r ...
R/compute_growth_rate.R#L120       ) ...
R/compute_growth_rate.R#L122   }) ...
R/compute_growth_rate.R#L124   tibble::as_tibble(results) ...
R/compute_growth_rate.R#L128   windows <- detect_exponential_phase(da ...
R/compute_growth_rate.R#L129   sample_id <- unique(data$sample) ...
R/compute_growth_rate.R#L131   if (nrow(windows) == 0L) { ...
R/compute_growth_rate.R#L134   } ...
R/compute_growth_rate.R#L136   best <- windows[1, , drop = FALSE] ...
R/compute_growth_rate.R#L137   if (is.na(best$slope) || best$slope <= ...
R/compute_growth_rate.R#L140       sample_id, ...
R/compute_growth_rate.R#L141       method = "rolling_window", ...
R/compute_growth_rate.R#L142       n_points = best$n_points, ...
R/compute_growth_rate.R#L143       degraded = best$degraded, ...
R/compute_growth_rate.R#L144       note = best$selection_reason ...
R/compute_growth_rate.R#L146   } ...
R/compute_growth_rate.R#L148   growkar_metric_result( ...
R/compute_growth_rate.R#L158   ) ...
R/compute_growth_rate.R#L162   sample_id <- unique(data$sample) ...
R/compute_growth_rate.R#L163   bounds <- growkar_resolve_interval(int ...
R/compute_growth_rate.R#L164   interval_data <- data |> ...
R/compute_growth_rate.R#L168   if (nrow(interval_data) < 2L) { ...
R/compute_growth_rate.R#L171       sample_id, ...
R/compute_growth_rate.R#L172       method = "defined_interval", ...
R/compute_growth_rate.R#L173       start_time = bounds[1], ...
R/compute_growth_rate.R#L174       end_time = bounds[2], ...
R/compute_growth_rate.R#L175       n_points = nrow(interval_data), ...
R/compute_growth_rate.R#L176       degraded = TRUE, ...
R/compute_growth_rate.R#L177       note = "insufficient_interval_poin ...
R/compute_growth_rate.R#L179   } ...
R/compute_growth_rate.R#L181   subset_data <- dplyr::filter(interval_ ...
R/compute_growth_rate.R#L183   if (nrow(subset_data) < 2L) { ...
R/compute_growth_rate.R#L186       sample_id, ...
R/compute_growth_rate.R#L187       method = "defined_interval", ...
R/compute_growth_rate.R#L188       start_time = bounds[1], ...
R/compute_growth_rate.R#L189       end_time = bounds[2], ...
R/compute_growth_rate.R#L190       n_points = nrow(subset_data), ...
R/compute_growth_rate.R#L191       degraded = TRUE, ...
R/compute_growth_rate.R#L192       note = "insufficient_positive_poin ...
R/compute_growth_rate.R#L194   } ...
R/compute_growth_rate.R#L196   fit_summary <- growkar_fit_log_linear( ...
R/compute_growth_rate.R#L197   if (!fit_summary$success || fit_summar ...
R/compute_growth_rate.R#L200       sample_id, ...
R/compute_growth_rate.R#L201       method = "defined_interval", ...
R/compute_growth_rate.R#L202       start_time = bounds[1], ...
R/compute_growth_rate.R#L203       end_time = bounds[2], ...
R/compute_growth_rate.R#L204       n_points = nrow(subset_data), ...
R/compute_growth_rate.R#L205       degraded = TRUE, ...
R/compute_growth_rate.R#L206       note = fit_summary$note ...
R/compute_growth_rate.R#L208   } ...
R/compute_growth_rate.R#L210   growkar_metric_result( ...
R/compute_growth_rate.R#L220   ) ...
R/compute_growth_rate.R#L224   sample_id <- unique(data$sample) ...
R/compute_growth_rate.R#L225   data <- data |> ...
R/compute_growth_rate.R#L229   if (nrow(data) < 3L) { ...
R/compute_growth_rate.R#L232       sample_id, ...
R/compute_growth_rate.R#L233       method = "rule_based", ...
R/compute_growth_rate.R#L234       n_points = nrow(data), ...
R/compute_growth_rate.R#L235       degraded = TRUE, ...
R/compute_growth_rate.R#L236       note = "insufficient_positive_poin ...
R/compute_growth_rate.R#L238   } ...
R/compute_growth_rate.R#L240   reference_time <- if (is.null(first_ti ...
R/compute_growth_rate.R#L241   reference_index <- which.min(abs(data$ ...
R/compute_growth_rate.R#L242   od0 <- data$od[[reference_index]] ...
R/compute_growth_rate.R#L244   if (!is.finite(od0) || od0 <= 0) { ...
R/compute_growth_rate.R#L247       sample_id, ...
R/compute_growth_rate.R#L248       method = "rule_based", ...
R/compute_growth_rate.R#L249       n_points = nrow(data), ...
R/compute_growth_rate.R#L250       degraded = TRUE, ...
R/compute_growth_rate.R#L251       note = "invalid_reference_od" ...
R/compute_growth_rate.R#L253   } ...
R/compute_growth_rate.R#L255   first_phase_index <- which.min(abs(dat ...
R/compute_growth_rate.R#L256   od1 <- data$od[[first_phase_index]] ...
R/compute_growth_rate.R#L257   second_phase_index <- which.min(abs(da ...
R/compute_growth_rate.R#L259   t1 <- data$time[[first_phase_index]] ...
R/compute_growth_rate.R#L260   t2 <- data$time[[second_phase_index]] ...
R/compute_growth_rate.R#L261   od2 <- data$od[[second_phase_index]] ...
R/compute_growth_rate.R#L263   mu <- if (t2 > t1 && od1 > 0 && od2 >  ...
R/compute_growth_rate.R#L265   } else { ...
R/compute_growth_rate.R#L267   } ...
R/compute_growth_rate.R#L269   if (is.na(mu) || mu <= 0) { ...
R/compute_growth_rate.R#L272       sample_id, ...
R/compute_growth_rate.R#L273       method = "rule_based", ...
R/compute_growth_rate.R#L274       start_time = t1, ...
R/compute_growth_rate.R#L275       end_time = t2, ...
R/compute_growth_rate.R#L276       n_points = nrow(data), ...
R/compute_growth_rate.R#L277       degraded = TRUE, ...
R/compute_growth_rate.R#L278       note = "non_positive_growth" ...
R/compute_growth_rate.R#L280   } ...
R/compute_growth_rate.R#L282   growkar_metric_result( ...
R/compute_growth_rate.R#L291   ) ...
R/compute_growth_rate.R#L295   if (is.null(interval)) { ...
R/compute_growth_rate.R#L297   } ...
R/compute_growth_rate.R#L299   if (is.numeric(interval) && length(int ...
R/compute_growth_rate.R#L301   } ...
R/compute_growth_rate.R#L303   if (is.data.frame(interval)) { ...
R/compute_growth_rate.R#L306       stop("Interval data frames must ha ...
R/compute_growth_rate.R#L312       stop("No interval found for sample ...
R/compute_growth_rate.R#L317       stop("Intervals must contain finit ...
R/compute_growth_rate.R#L321   } ...
R/compute_growth_rate.R#L323   stop("Unsupported `interval` specifica ...
R/compute_growth_rate.R#L327   sample_col <- growkar_resolve_column_n ...
R/compute_growth_rate.R#L328   start_col <- growkar_resolve_column_na ...
R/compute_growth_rate.R#L332   ) ...
R/compute_growth_rate.R#L333   end_col <- growkar_resolve_column_name ...
R/compute_growth_rate.R#L337   ) ...
R/compute_growth_rate.R#L339   if (!is.null(sample_col) && !is.null(s ...
R/compute_growth_rate.R#L341       interval, ...
R/compute_growth_rate.R#L342       sample = as.character(.data[[sampl ...
R/compute_growth_rate.R#L343       start_time = as.numeric(.data[[sta ...
R/compute_growth_rate.R#L344       end_time = as.numeric(.data[[end_c ...
R/compute_growth_rate.R#L346   } ...
R/compute_growth_rate.R#L348   names(interval)[seq_len(3)] <- c("samp ...
R/compute_growth_rate.R#L349   dplyr::transmute( ...
R/compute_growth_rate.R#L354   ) ...
R/compute_growth_rate.R#L358   if (nrow(data) < 2L) { ...
R/compute_growth_rate.R#L360   } ...
R/compute_growth_rate.R#L362   if (all(abs(data$od - data$od[[1]]) <  ...
R/compute_growth_rate.R#L364   } ...
R/compute_growth_rate.R#L366   fit <- tryCatch(stats::lm(log(od) ~ ti ...
R/compute_growth_rate.R#L367   if (inherits(fit, "error")) { ...
R/compute_growth_rate.R#L369   } ...
R/compute_growth_rate.R#L371   summary_fit <- suppressWarnings(summar ...
R/compute_growth_rate.R#L372   list( ...
R/compute_growth_rate.R#L377   ) ...
R/compute_growth_rate.R#L381                                   mu = N ...
R/compute_growth_rate.R#L382                                   start_ ...
R/compute_growth_rate.R#L383                                   end_ti ...
R/compute_growth_rate.R#L384                                   r_squa ...
R/compute_growth_rate.R#L385                                   method ...
R/compute_growth_rate.R#L386                                   n_poin ...
R/compute_growth_rate.R#L387                                   degrad ...
R/compute_growth_rate.R#L388                                   note = ...
R/compute_growth_rate.R#L389   tibble::tibble( ...
R/compute_growth_rate.R#L399   ) ...
R/compute_growth_rate.R#L403   warning("Sample `", sample_id, "`: ",  ...
R/detect_exponential_phase.R#L39                                      sel ...
R/detect_exponential_phase.R#L40                                      ave ...
R/detect_exponential_phase.R#L41                                      win ...
R/detect_exponential_phase.R#L42                                      min ...
R/detect_exponential_phase.R#L43   se <- growkar_as_se(data) ...
R/detect_exponential_phase.R#L44   data <- as_tidy_growth_data(se) ...
R/detect_exponential_phase.R#L45   data <- validate_growth_data(data, war ...
R/detect_exponential_phase.R#L47   if (!is.null(select_replicates)) { ...
R/detect_exponential_phase.R#L49       stop( ...
R/detect_exponential_phase.R#L52       ) ...
R/detect_exponential_phase.R#L57       stop("No rows remain after filteri ...
R/detect_exponential_phase.R#L59   } ...
R/detect_exponential_phase.R#L61   if (isTRUE(average_replicates)) { ...
R/detect_exponential_phase.R#L63       dplyr::mutate(od = .data$od_mean)  ...
R/detect_exponential_phase.R#L64       dplyr::select(-dplyr::any_of(c("od ...
R/detect_exponential_phase.R#L66   } ...
R/detect_exponential_phase.R#L68   sample_levels <- unique(as.character(d ...
R/detect_exponential_phase.R#L69   sample_list <- split(data, factor(data ...
R/detect_exponential_phase.R#L70   purrr::map_dfr(sample_list, detect_exp ...
R/detect_exponential_phase.R#L74   sample_id <- unique(data$sample) ...
R/detect_exponential_phase.R#L76   data <- data |> ...
R/detect_exponential_phase.R#L80   if (nrow(data) < 2L) { ...
R/detect_exponential_phase.R#L82       sample_id = sample_id, ...
R/detect_exponential_phase.R#L83       n_points = nrow(data), ...
R/detect_exponential_phase.R#L84       selection_reason = "insufficient_p ...
R/detect_exponential_phase.R#L86   } ...
R/detect_exponential_phase.R#L88   effective_window_size <- min(window_si ...
R/detect_exponential_phase.R#L89   selection_reason <- if (effective_wind ...
R/detect_exponential_phase.R#L91   } else { ...
R/detect_exponential_phase.R#L93   } ...
R/detect_exponential_phase.R#L95   windows <- purrr::map_dfr(seq_len(nrow ...
R/detect_exponential_phase.R#L101       return(growkar_phase_fallback( ...
R/detect_exponential_phase.R#L105       )) ...
R/detect_exponential_phase.R#L109       sample = sample_id, ...
R/detect_exponential_phase.R#L110       start_time = min(window_data$time) ...
R/detect_exponential_phase.R#L111       end_time = max(window_data$time), ...
R/detect_exponential_phase.R#L112       slope = fit_summary$slope, ...
R/detect_exponential_phase.R#L113       r_squared = fit_summary$r_squared, ...
R/detect_exponential_phase.R#L114       n_points = nrow(window_data), ...
R/detect_exponential_phase.R#L115       selection_reason = selection_reaso ...
R/detect_exponential_phase.R#L116       degraded = selection_reason != "ro ...
R/detect_exponential_phase.R#L118   }) ...
R/detect_exponential_phase.R#L120   windows |> ...
R/detect_exponential_phase.R#L126   tibble::tibble( ...
R/detect_exponential_phase.R#L136   ) ...
R/extract_params.R#L17   if (!inherits(fit, "growkar_fit")) { ...
R/extract_params.R#L19   } ...
R/extract_params.R#L21   tibble::tibble( ...
R/extract_params.R#L28   ) ...
R/fit_growth_curve.R#L23   model <- match.arg(model) ...
R/fit_growth_curve.R#L24   se <- growkar_as_se(data) ...
R/fit_growth_curve.R#L25   data <- as_tidy_growth_data(se) ...
R/fit_growth_curve.R#L26   data <- validate_growth_data(data, min ...
R/fit_growth_curve.R#L28   if (dplyr::n_distinct(data$sample) !=  ...
R/fit_growth_curve.R#L30   } ...
R/fit_growth_curve.R#L32   data <- dplyr::arrange(data, .data$tim ...
R/fit_growth_curve.R#L33   sample_id <- unique(data$sample) ...
R/fit_growth_curve.R#L34   n_points <- nrow(data) ...
R/fit_growth_curve.R#L36   if (n_points < 4L) { ...
R/fit_growth_curve.R#L38       data = data, ...
R/fit_growth_curve.R#L39       model = model, ...
R/fit_growth_curve.R#L40       sample_id = sample_id, ...
R/fit_growth_curve.R#L41       status = "insufficient_points", ...
R/fit_growth_curve.R#L42       message = "At least four observati ...
R/fit_growth_curve.R#L44   } ...
R/fit_growth_curve.R#L46   if (all(abs(data$od - data$od[[1]]) <  ...
R/fit_growth_curve.R#L48       data = data, ...
R/fit_growth_curve.R#L49       model = model, ...
R/fit_growth_curve.R#L50       sample_id = sample_id, ...
R/fit_growth_curve.R#L51       status = "flat_curve", ...
R/fit_growth_curve.R#L52       message = "Model fitting requires  ...
R/fit_growth_curve.R#L54   } ...
R/fit_growth_curve.R#L56   starts <- growkar_starting_values(data ...
R/fit_growth_curve.R#L58   formula <- switch( ...
R/fit_growth_curve.R#L62   ) ...
R/fit_growth_curve.R#L64   lower <- c(K = max(max(data$od, na.rm  ...
R/fit_growth_curve.R#L65   fit <- tryCatch( ...
R/fit_growth_curve.R#L67       stats::nls( ...
R/fit_growth_curve.R#L74       ) ...
R/fit_growth_curve.R#L77   ) ...
R/fit_growth_curve.R#L79   if (!inherits(fit, "nls")) { ...
R/fit_growth_curve.R#L81       data = data, ...
R/fit_growth_curve.R#L82       model = model, ...
R/fit_growth_curve.R#L83       sample_id = sample_id, ...
R/fit_growth_curve.R#L84       status = "fit_failed", ...
R/fit_growth_curve.R#L85       message = conditionMessage(fit), ...
R/fit_growth_curve.R#L86       starting_values = starts, ...
R/fit_growth_curve.R#L87       bounds = lower ...
R/fit_growth_curve.R#L89   } ...
R/fit_growth_curve.R#L91   fitted_values <- tibble::tibble(time = ...
R/fit_growth_curve.R#L92   residuals <- data$od - fitted_values$. ...
R/fit_growth_curve.R#L93   rss <- sum(residuals^2, na.rm = TRUE) ...
R/fit_growth_curve.R#L95   structure( ...
R/fit_growth_curve.R#L97       model = model, ...
R/fit_growth_curve.R#L98       model_name = model, ...
R/fit_growth_curve.R#L99       fit = fit, ...
R/fit_growth_curve.R#L100       coefficients = stats::coef(fit), ...
R/fit_growth_curve.R#L101       fitted = fitted_values, ...
R/fit_growth_curve.R#L102       residuals = residuals, ...
R/fit_growth_curve.R#L103       rss = rss, ...
R/fit_growth_curve.R#L104       aic = suppressWarnings(tryCatch(st ...
R/fit_growth_curve.R#L105       bic = suppressWarnings(tryCatch(st ...
R/fit_growth_curve.R#L106       data = data, ...
R/fit_growth_curve.R#L107       converged = TRUE, ...
R/fit_growth_curve.R#L108       status = "converged", ...
R/fit_growth_curve.R#L109       status_code = 0L, ...
R/fit_growth_curve.R#L110       sample = sample_id, ...
R/fit_growth_curve.R#L111       message = NULL, ...
R/fit_growth_curve.R#L112       n_points = n_points, ...
R/fit_growth_curve.R#L113       starting_values = starts, ...
R/fit_growth_curve.R#L114       bounds = lower ...
R/fit_growth_curve.R#L117   ) ...
R/fit_growth_curve.R#L121   K <- max(data$od, na.rm = TRUE) ...
R/fit_growth_curve.R#L122   slope_estimates <- diff(log(pmax(data$ ...
R/fit_growth_curve.R#L123   slope_estimates <- slope_estimates[is. ...
R/fit_growth_curve.R#L124   r <- if (length(slope_estimates) == 0L ...
R/fit_growth_curve.R#L125   if (!is.finite(r)) { ...
R/fit_growth_curve.R#L127   } ...
R/fit_growth_curve.R#L129   midpoint <- K / 2 ...
R/fit_growth_curve.R#L130   t0_index <- which.min(abs(data$od - mi ...
R/fit_growth_curve.R#L131   t0 <- data$time[[t0_index]] ...
R/fit_growth_curve.R#L133   c(K = K, r = r, t0 = t0) ...
R/fit_growth_curve.R#L137                                model, ...
R/fit_growth_curve.R#L138                                sample_id ...
R/fit_growth_curve.R#L139                                status, ...
R/fit_growth_curve.R#L140                                message, ...
R/fit_growth_curve.R#L141                                starting_ ...
R/fit_growth_curve.R#L142                                bounds =  ...
R/fit_growth_curve.R#L143   fitted_values <- tibble::tibble(time = ...
R/fit_growth_curve.R#L145   structure( ...
R/fit_growth_curve.R#L147       model = model, ...
R/fit_growth_curve.R#L148       model_name = model, ...
R/fit_growth_curve.R#L149       fit = NULL, ...
R/fit_growth_curve.R#L150       coefficients = c(K = NA_real_, r = ...
R/fit_growth_curve.R#L151       fitted = fitted_values, ...
R/fit_growth_curve.R#L152       residuals = rep(NA_real_, nrow(dat ...
R/fit_growth_curve.R#L153       rss = NA_real_, ...
R/fit_growth_curve.R#L154       aic = NA_real_, ...
R/fit_growth_curve.R#L155       bic = NA_real_, ...
R/fit_growth_curve.R#L156       data = data, ...
R/fit_growth_curve.R#L157       converged = FALSE, ...
R/fit_growth_curve.R#L158       status = status, ...
R/fit_growth_curve.R#L159       status_code = 1L, ...
R/fit_growth_curve.R#L160       sample = sample_id, ...
R/fit_growth_curve.R#L161       message = message, ...
R/fit_growth_curve.R#L162       n_points = nrow(data), ...
R/fit_growth_curve.R#L163       starting_values = starting_values, ...
R/fit_growth_curve.R#L164       bounds = bounds ...
R/fit_growth_curve.R#L167   ) ...
R/fit_growth_helpers.R#L4   line <- paste0( ...
R/fit_growth_helpers.R#L9   ) ...
R/fit_growth_helpers.R#L10   writeLines(line) ...
R/fit_growth_helpers.R#L11   invisible(x) ...
R/fit_growth_helpers.R#L17   tibble::tibble( ...
R/fit_growth_helpers.R#L27   ) ...
R/fit_growth_plate.R#L17   model <- match.arg(model) ...
R/fit_growth_plate.R#L18   se <- growkar_as_se(data) ...
R/fit_growth_plate.R#L19   data <- as_tidy_growth_data(se) ...
R/fit_growth_plate.R#L20   data <- validate_growth_data(data) ...
R/fit_growth_plate.R#L22   sample_levels <- unique(as.character(d ...
R/fit_growth_plate.R#L23   samples <- split(data, factor(data$sam ...
R/fit_growth_plate.R#L24   tibble::tibble( ...
R/fit_growth_plate.R#L27   ) ...
R/growkar_data.R#L25                        metrics = NULL, ...
R/growkar_data.R#L26                        sample_col = "sam ...
R/growkar_data.R#L27                        time_col = "time" ...
R/growkar_data.R#L28                        od_col = "od", ...
R/growkar_data.R#L29                        sample_sep = "_") ...
R/growkar_data.R#L30   tidy_data <- as_tidy_growth_data( ...
R/growkar_data.R#L36   ) ...
R/growkar_data.R#L37   tidy_data <- validate_growth_data(tidy ...
R/growkar_data.R#L39   structure( ...
R/growkar_data.R#L41       processed_data = tidy_data, ...
R/growkar_data.R#L42       sample_info = growkar_sample_metad ...
R/growkar_data.R#L43       metrics = if (is.null(metrics)) ti ...
R/growkar_data.R#L46   ) ...
R/growkar_data.R#L52   "growkar_data", ...
R/growkar_data.R#L53   "SummarizedExperiment", ...
R/growkar_data.R#L54   function(from) { ...
R/growkar_data.R#L56       tidy_data = from$processed_data, ...
R/growkar_data.R#L57       metadata = list(growth_metrics = f ...
R/growkar_data.R#L59   } ...
R/growth_experiment.R#L15   se <- growkar_as_se(x) ...
R/growth_experiment.R#L16   SummarizedExperiment::assay(se, "od") ...
R/growth_experiment.R#L33   se <- growkar_as_se(x) ...
R/growth_experiment.R#L34   tibble::as_tibble(as.data.frame(Summar ...
R/growth_experiment.R#L51   se <- growkar_as_se(x) ...
R/growth_experiment.R#L52   tibble::as_tibble(as.data.frame(Summar ...
R/growth_experiment.R#L70   se <- growkar_as_se(x) ...
R/growth_experiment.R#L71   meta <- S4Vectors::metadata(se) ...
R/growth_experiment.R#L72   if ("model_fits" %in% names(meta)) { ...
R/growth_experiment.R#L74   } else { ...
R/growth_experiment.R#L76   } ...
R/growth_experiment.R#L80   if (inherits(data, "SummarizedExperime ...
R/growth_experiment.R#L82   } ...
R/growth_experiment.R#L84   validate_growth_experiment(as_summariz ...
R/growth_experiment.R#L88   assay_names <- SummarizedExperiment::a ...
R/growth_experiment.R#L90   if (!"od" %in% assay_names) { ...
R/growth_experiment.R#L92       stop("`SummarizedExperiment` input ...
R/growth_experiment.R#L96       assays = list(od = SummarizedExper ...
R/growth_experiment.R#L97       rowData = SummarizedExperiment::ro ...
R/growth_experiment.R#L98       colData = SummarizedExperiment::co ...
R/growth_experiment.R#L99       metadata = S4Vectors::metadata(se) ...
R/growth_experiment.R#L101   } ...
R/growth_experiment.R#L103   time_df <- as.data.frame(SummarizedExp ...
R/growth_experiment.R#L104   if (!"time" %in% names(time_df)) { ...
R/growth_experiment.R#L107       stop( ...
R/growth_experiment.R#L110       ) ...
R/growth_experiment.R#L114   } ...
R/growth_experiment.R#L116   meta <- S4Vectors::metadata(se) ...
R/growth_experiment.R#L117   meta$growkar_schema <- list( ...
R/growth_experiment.R#L121   ) ...
R/growth_experiment.R#L122   S4Vectors::metadata(se) <- meta ...
R/growth_experiment.R#L124   se ...
R/growth_experiment.R#L143   if (!inherits(x, "SummarizedExperiment ...
R/growth_experiment.R#L145   } ...
R/growth_experiment.R#L147   assay_names <- SummarizedExperiment::a ...
R/growth_experiment.R#L148   if (!"od" %in% assay_names) { ...
R/growth_experiment.R#L150   } ...
R/growth_experiment.R#L152   od <- SummarizedExperiment::assay(x, " ...
R/growth_experiment.R#L153   time_values <- SummarizedExperiment::r ...
R/growth_experiment.R#L155   if (!is.numeric(time_values)) { ...
R/growth_experiment.R#L157   } ...
R/growth_experiment.R#L159   if (isTRUE(require_finite) && any(!is. ...
R/growth_experiment.R#L161   } ...
R/growth_experiment.R#L163   if (!is.numeric(od)) { ...
R/growth_experiment.R#L165   } ...
R/growth_experiment.R#L167   if (nrow(od) != length(time_values)) { ...
R/growth_experiment.R#L169   } ...
R/growth_experiment.R#L171   if (isTRUE(require_finite) && any(!is. ...
R/growth_experiment.R#L173   } ...
R/growth_experiment.R#L175   x ...
R/plot_doubling_time.R#L40                                compariso ...
R/plot_doubling_time.R#L41                                compare_t ...
R/plot_doubling_time.R#L42                                exclude_g ...
R/plot_doubling_time.R#L43                                select_re ...
R/plot_doubling_time.R#L44                                average_r ...
R/plot_doubling_time.R#L45                                method =  ...
R/plot_doubling_time.R#L46                                error = c ...
R/plot_doubling_time.R#L47                                pvalue_me ...
R/plot_doubling_time.R#L48                                palette_n ...
R/plot_doubling_time.R#L49                                custom_co ...
R/plot_doubling_time.R#L50                                ...) { ...
R/plot_doubling_time.R#L51   method <- match.arg(method) ...
R/plot_doubling_time.R#L52   error <- match.arg(error) ...
R/plot_doubling_time.R#L53   pvalue_method <- match.arg(pvalue_meth ...
R/plot_doubling_time.R#L55   se <- growkar_as_se(data) ...
R/plot_doubling_time.R#L56   tidy_data <- as_tidy_growth_data(se) ...
R/plot_doubling_time.R#L57   tidy_data <- validate_growth_data(tidy ...
R/plot_doubling_time.R#L59   if (is.null(comparison_col)) { ...
R/plot_doubling_time.R#L61   } ...
R/plot_doubling_time.R#L63   if (isTRUE(average_replicates)) { ...
R/plot_doubling_time.R#L65       data = tidy_data, ...
R/plot_doubling_time.R#L66       method = method, ...
R/plot_doubling_time.R#L67       select_replicates = select_replica ...
R/plot_doubling_time.R#L68       average_replicates = TRUE, ...
R/plot_doubling_time.R#L69       ... ...
R/plot_doubling_time.R#L73   } else { ...
R/plot_doubling_time.R#L76       data = tidy_data, ...
R/plot_doubling_time.R#L77       method = method, ...
R/plot_doubling_time.R#L78       select_replicates = select_replica ...
R/plot_doubling_time.R#L79       average_replicates = FALSE, ...
R/plot_doubling_time.R#L80       comparison_col = comparison_col, ...
R/plot_doubling_time.R#L81       compare_to = compare_to, ...
R/plot_doubling_time.R#L82       error = error, ...
R/plot_doubling_time.R#L83       pvalue_method = pvalue_method, ...
R/plot_doubling_time.R#L84       ... ...
R/plot_doubling_time.R#L86   } ...
R/plot_doubling_time.R#L88   if (!comparison_col %in% names(summary ...
R/plot_doubling_time.R#L90   } ...
R/plot_doubling_time.R#L92   comparison_levels <- input_levels[inpu ...
R/plot_doubling_time.R#L93   if (length(comparison_levels) == 0L) { ...
R/plot_doubling_time.R#L95   } ...
R/plot_doubling_time.R#L97   if (!is.null(exclude_groups)) { ...
R/plot_doubling_time.R#L99       stop("`exclude_groups` cannot cont ...
R/plot_doubling_time.R#L104       stop("No groups remain after filte ...
R/plot_doubling_time.R#L106   } ...
R/plot_doubling_time.R#L108   if (isTRUE(average_replicates)) { ...
R/plot_doubling_time.R#L111       summary_tbl, ...
R/plot_doubling_time.R#L112       ggplot2::aes(x = .data[[comparison ...
R/plot_doubling_time.R#L114       ggplot2::geom_col(width = 0.7) + ...
R/plot_doubling_time.R#L115       ggplot2::theme_bw() + ...
R/plot_doubling_time.R#L116       ggplot2::theme( ...
R/plot_doubling_time.R#L119       ) + ...
R/plot_doubling_time.R#L120       ggplot2::xlab(comparison_col) + ...
R/plot_doubling_time.R#L121       ggplot2::ylab("Doubling time") ...
R/plot_doubling_time.R#L122   } else { ...
R/plot_doubling_time.R#L128       summary_tbl, ...
R/plot_doubling_time.R#L129       ggplot2::aes(x = .data[[comparison ...
R/plot_doubling_time.R#L131       ggplot2::geom_col(width = 0.7) + ...
R/plot_doubling_time.R#L132       ggplot2::geom_errorbar( ...
R/plot_doubling_time.R#L134           ymin = pmax(.data$mean_doublin ...
R/plot_doubling_time.R#L135           ymax = .data$mean_doubling_tim ...
R/plot_doubling_time.R#L138       ) + ...
R/plot_doubling_time.R#L139       ggplot2::theme_bw() + ...
R/plot_doubling_time.R#L140       ggplot2::theme( ...
R/plot_doubling_time.R#L143       ) + ...
R/plot_doubling_time.R#L144       ggplot2::xlab(comparison_col) + ...
R/plot_doubling_time.R#L145       ggplot2::ylab("Doubling time") ...
R/plot_doubling_time.R#L148       annotation_tbl <- growkar_bracket_ ...
R/plot_doubling_time.R#L153       ) ...
R/plot_doubling_time.R#L155       if (nrow(annotation_tbl) > 0L) { ...
R/plot_doubling_time.R#L157           ggplot2::geom_segment( ...
R/plot_doubling_time.R#L161           ) + ...
R/plot_doubling_time.R#L162           ggplot2::geom_segment( ...
R/plot_doubling_time.R#L166           ) + ...
R/plot_doubling_time.R#L167           ggplot2::geom_segment( ...
R/plot_doubling_time.R#L171           ) + ...
R/plot_doubling_time.R#L172           ggplot2::geom_text( ...
R/plot_doubling_time.R#L177           ) ...
R/plot_doubling_time.R#L178       } ...
R/plot_doubling_time.R#L180   } ...
R/plot_doubling_time.R#L182   fill_values <- if (!is.null(custom_col ...
R/plot_doubling_time.R#L184   } else { ...
R/plot_doubling_time.R#L186   } ...
R/plot_doubling_time.R#L188   p + ggplot2::scale_fill_manual(values  ...
R/plot_doubling_time.R#L192   ref_index <- match(compare_to, summary ...
R/plot_doubling_time.R#L193   if (is.na(ref_index)) { ...
R/plot_doubling_time.R#L195   } ...
R/plot_doubling_time.R#L197   comparison_levels <- levels(summary_tb ...
R/plot_doubling_time.R#L198   if (is.null(comparison_levels)) { ...
R/plot_doubling_time.R#L200   } ...
R/plot_doubling_time.R#L202   comparison_tbl <- summary_tbl |> ...
R/plot_doubling_time.R#L204       x = match(as.character(.data[[comp ...
R/plot_doubling_time.R#L205       y_top = .data$mean_doubling_time + ...
R/plot_doubling_time.R#L209   if (nrow(comparison_tbl) == 0L) { ...
R/plot_doubling_time.R#L211   } ...
R/plot_doubling_time.R#L213   ref_x <- match(compare_to, comparison_ ...
R/plot_doubling_time.R#L214   ref_top <- summary_tbl$mean_doubling_t ...
R/plot_doubling_time.R#L216   comparison_tbl |> ...
R/plot_doubling_time.R#L218       x_ref = ref_x, ...
R/plot_doubling_time.R#L219       x_group = .data$x, ...
R/plot_doubling_time.R#L220       x_mid = (.data$x_ref + .data$x_gro ...
R/plot_doubling_time.R#L221       y_low = pmax(ref_top, .data$y_top) ...
R/plot_doubling_time.R#L222       y = pmax(ref_top, .data$y_top) + o ...
R/plot_fitted_curve.R#L34                               model = c( ...
R/plot_fitted_curve.R#L35                               select_rep ...
R/plot_fitted_curve.R#L36                               average_re ...
R/plot_fitted_curve.R#L37                               colour_col ...
R/plot_fitted_curve.R#L38                               facet_col  ...
R/plot_fitted_curve.R#L39                               palette_na ...
R/plot_fitted_curve.R#L40                               custom_col ...
R/plot_fitted_curve.R#L41   if (inherits(fit, "growkar_fit")) { ...
R/plot_fitted_curve.R#L44       custom_colors[[1]] ...
R/plot_fitted_curve.R#L46       select_palette(1, palette_name = p ...
R/plot_fitted_curve.R#L50       ggplot2::ggplot(augmented, ggplot2 ...
R/plot_fitted_curve.R#L58   } ...
R/plot_fitted_curve.R#L60   model <- match.arg(model) ...
R/plot_fitted_curve.R#L61   data <- as_tidy_growth_data(fit) ...
R/plot_fitted_curve.R#L62   data <- validate_growth_data(data) ...
R/plot_fitted_curve.R#L64   if (!is.null(select_replicates)) { ...
R/plot_fitted_curve.R#L66       stop( ...
R/plot_fitted_curve.R#L69       ) ...
R/plot_fitted_curve.R#L74       stop("No rows remain after filteri ...
R/plot_fitted_curve.R#L76   } ...
R/plot_fitted_curve.R#L78   if (isTRUE(average_replicates)) { ...
R/plot_fitted_curve.R#L80       dplyr::mutate(od = .data$od_mean)  ...
R/plot_fitted_curve.R#L81       dplyr::select(-dplyr::any_of(c("od ...
R/plot_fitted_curve.R#L83   } ...
R/plot_fitted_curve.R#L85   if (isTRUE(average_replicates) && iden ...
R/plot_fitted_curve.R#L87       "`facet_col = \"replicate\"` is ig ...
R/plot_fitted_curve.R#L88       call. = FALSE ...
R/plot_fitted_curve.R#L91   } ...
R/plot_fitted_curve.R#L93   if (!colour_col %in% names(data)) { ...
R/plot_fitted_curve.R#L95   } ...
R/plot_fitted_curve.R#L97   if (!is.null(facet_col) && !facet_col  ...
R/plot_fitted_curve.R#L99   } ...
R/plot_fitted_curve.R#L101   fits <- fit_growth_plate(data, model = ...
R/plot_fitted_curve.R#L102   augmented <- purrr::map_dfr(fits$fit,  ...
R/plot_fitted_curve.R#L104   p <- ggplot2::ggplot( ...
R/plot_fitted_curve.R#L107   ) + ...
R/plot_fitted_curve.R#L115   if (!is.null(facet_col)) { ...
R/plot_fitted_curve.R#L117   } ...
R/plot_fitted_curve.R#L119   colour_values <- if (!is.null(custom_c ...
R/plot_fitted_curve.R#L121   } else { ...
R/plot_fitted_curve.R#L123   } ...
R/plot_fitted_curve.R#L125   p + ggplot2::scale_colour_manual(value ...
R/plot_growth_curve.R#L31                               average_re ...
R/plot_growth_curve.R#L32                               colour_col ...
R/plot_growth_curve.R#L33                               facet_col  ...
R/plot_growth_curve.R#L34                               palette_na ...
R/plot_growth_curve.R#L35                               custom_col ...
R/plot_growth_curve.R#L36   se <- growkar_as_se(data) ...
R/plot_growth_curve.R#L37   tidy_data <- as_tidy_growth_data(se) ...
R/plot_growth_curve.R#L38   tidy_data <- validate_growth_data(tidy ...
R/plot_growth_curve.R#L40   if (!colour_col %in% names(tidy_data)) ...
R/plot_growth_curve.R#L42   } ...
R/plot_growth_curve.R#L44   if (!is.null(facet_col) && !facet_col  ...
R/plot_growth_curve.R#L46   } ...
R/plot_growth_curve.R#L48   if (isTRUE(average_replicates) && iden ...
R/plot_growth_curve.R#L50       "`facet_col = \"replicate\"` is ig ...
R/plot_growth_curve.R#L51       call. = FALSE ...
R/plot_growth_curve.R#L54   } ...
R/plot_growth_curve.R#L56   plot_data <- if (isTRUE(average_replic ...
R/plot_growth_curve.R#L58   } else { ...
R/plot_growth_curve.R#L60   } ...
R/plot_growth_curve.R#L62   colour_levels <- growkar_plot_levels(t ...
R/plot_growth_curve.R#L63   plot_data <- growkar_set_plot_levels(p ...
R/plot_growth_curve.R#L65   if (!is.null(facet_col)) { ...
R/plot_growth_curve.R#L68   } ...
R/plot_growth_curve.R#L70   y_col <- if ("od_mean" %in% names(plot ...
R/plot_growth_curve.R#L71   p <- ggplot2::ggplot( ...
R/plot_growth_curve.R#L74   ) + ...
R/plot_growth_curve.R#L79       panel.grid.minor = ggplot2::elemen ...
R/plot_growth_curve.R#L80       legend.title = ggplot2::element_bl ...
R/plot_growth_curve.R#L85   if ("od_sd" %in% names(plot_data)) { ...
R/plot_growth_curve.R#L87       ggplot2::aes(ymin = .data$od_mean  ...
R/plot_growth_curve.R#L88       width = 0.15 ...
R/plot_growth_curve.R#L90   } ...
R/plot_growth_curve.R#L92   if (!is.null(facet_col)) { ...
R/plot_growth_curve.R#L94   } ...
R/plot_growth_curve.R#L96   colour_values <- if (!is.null(custom_c ...
R/plot_growth_curve.R#L98   } else { ...
R/plot_growth_curve.R#L100   } ...
R/plot_growth_curve.R#L102   p + ggplot2::scale_colour_manual(value ...
R/plot_growth_curve.R#L136                                      col ...
R/plot_growth_curve.R#L137                                      pal ...
R/plot_growth_curve.R#L138                                      cus ...
R/plot_growth_curve.R#L139   se <- growkar_as_se(data) ...
R/plot_growth_curve.R#L140   tidy_data <- as_tidy_growth_data(se) ...
R/plot_growth_curve.R#L141   tidy_data <- validate_growth_data(tidy ...
R/plot_growth_curve.R#L142   tidy_data$facet_sample <- growkar_face ...
R/plot_growth_curve.R#L143   facet_colour <- growkar_facet_colour_l ...
R/plot_growth_curve.R#L144   if (!is.null(facet_colour)) { ...
R/plot_growth_curve.R#L146   } ...
R/plot_growth_curve.R#L148   if (is.null(colour_col)) { ...
R/plot_growth_curve.R#L150       "facet_colour" ...
R/plot_growth_curve.R#L152       "condition" ...
R/plot_growth_curve.R#L154       "sample" ...
R/plot_growth_curve.R#L156   } ...
R/plot_growth_curve.R#L158   plot_growth_curve( ...
R/plot_growth_curve.R#L165   ) ...
R/plot_growth_curve.R#L169   source_col <- if ("condition" %in% nam ...
R/plot_growth_curve.R#L170   labels <- as.character(source_col) ...
R/plot_growth_curve.R#L171   labels <- sub("\\(.*$", "", labels) ...
R/plot_growth_curve.R#L172   labels <- sub("_[^_]+$", "", labels) ...
R/plot_growth_curve.R#L173   trimws(labels) ...
R/plot_growth_curve.R#L177   source_col <- if ("condition" %in% nam ...
R/plot_growth_curve.R#L178   labels <- as.character(source_col) ...
R/plot_growth_curve.R#L179   dose_labels <- sub(".*\\(([^()]*)\\).* ...
R/plot_growth_curve.R#L180   has_dose <- grepl("\\([^()]*\\)", labe ...
R/plot_growth_curve.R#L182   if (any(has_dose)) { ...
R/plot_growth_curve.R#L186       return(out) ...
R/plot_growth_curve.R#L188   } ...
R/plot_growth_curve.R#L190   NULL ...
R/plot_growth_curve.R#L194   group_cols <- unique(c( ...
R/plot_growth_curve.R#L198   )) ...
R/plot_growth_curve.R#L200   if (length(setdiff(group_cols, "time") ...
R/plot_growth_curve.R#L202   } ...
R/plot_growth_curve.R#L204   averaged <- data |> ...
R/plot_growth_curve.R#L207       od_mean = mean(.data$od, na.rm = T ...
R/plot_growth_curve.R#L208       od_sd = stats::sd(.data$od, na.rm  ...
R/plot_growth_curve.R#L209       n = dplyr::n(), ...
R/plot_growth_curve.R#L210       .groups = "drop" ...
R/plot_growth_curve.R#L213   if (!"sample" %in% names(averaged)) { ...
R/plot_growth_curve.R#L215       averaged$sample <- averaged$condit ...
R/plot_growth_curve.R#L217       averaged$sample <- "average" ...
R/plot_growth_curve.R#L219   } ...
R/plot_growth_curve.R#L221   averaged ...
R/plot_growth_curve.R#L225   if (!column %in% names(data)) { ...
R/plot_growth_curve.R#L227   } ...
R/plot_growth_curve.R#L229   data[[column]] <- factor(as.character( ...
R/plot_growth_curve.R#L230   data ...
R/plot_growth_curve.R#L234   if (is.factor(x)) { ...
R/plot_growth_curve.R#L236   } ...
R/plot_growth_curve.R#L238   unique(as.character(x)) ...
R/plot_growth_curve.R#L242   if (is.null(names(colors))) { ...
R/plot_growth_curve.R#L244       return(colors) ...
R/plot_growth_curve.R#L248   } else { ...
R/plot_growth_curve.R#L250   } ...
R/se_helpers.R#L22                            method = c("r ...
R/se_helpers.R#L23                            average_repli ...
R/se_helpers.R#L24                            select_replic ...
R/se_helpers.R#L25                            comparison_co ...
R/se_helpers.R#L26                            compare_to =  ...
R/se_helpers.R#L27                            error = c("se ...
R/se_helpers.R#L28                            pvalue_method ...
R/se_helpers.R#L29                            store_metadat ...
R/se_helpers.R#L30                            ...) { ...
R/se_helpers.R#L31   metrics_tbl <- summarize_growth_metric ...
R/se_helpers.R#L41   ) ...
R/se_helpers.R#L43   if (!inherits(data, "SummarizedExperim ...
R/se_helpers.R#L45   } ...
R/se_helpers.R#L47   growkar_store_se_metadata( ...
R/se_helpers.R#L51       growth_metrics = list( ...
R/se_helpers.R#L60       ) ...
R/se_helpers.R#L63       method = method, ...
R/se_helpers.R#L64       average_replicates = average_repli ...
R/se_helpers.R#L65       select_replicates = select_replica ...
R/se_helpers.R#L66       comparison_col = comparison_col, ...
R/se_helpers.R#L67       compare_to = compare_to, ...
R/se_helpers.R#L68       error = error, ...
R/se_helpers.R#L69       pvalue_method = pvalue_method, ...
R/se_helpers.R#L70       extra_args = list(...) ...
R/se_helpers.R#L72   ) ...
R/se_helpers.R#L97                           window_size =  ...
R/se_helpers.R#L98                           min_od = 0.02, ...
R/se_helpers.R#L99                           average_replic ...
R/se_helpers.R#L100                           select_replica ...
R/se_helpers.R#L101                           store_metadata ...
R/se_helpers.R#L102   windows_tbl <- detect_exponential_phas ...
R/se_helpers.R#L108   ) ...
R/se_helpers.R#L110   if (!inherits(data, "SummarizedExperim ...
R/se_helpers.R#L112   } ...
R/se_helpers.R#L114   growkar_store_se_metadata( ...
R/se_helpers.R#L118       exponential_phase_windows = list( ...
R/se_helpers.R#L123       ) ...
R/se_helpers.R#L126       window_size = window_size, ...
R/se_helpers.R#L127       min_od = min_od, ...
R/se_helpers.R#L128       average_replicates = average_repli ...
R/se_helpers.R#L129       select_replicates = select_replica ...
R/se_helpers.R#L131   ) ...
R/se_helpers.R#L158                               model = c( ...
R/se_helpers.R#L159                               store_meta ...
R/se_helpers.R#L160   model <- match.arg(model) ...
R/se_helpers.R#L161   fit_tbl <- fit_growth_plate(data = dat ...
R/se_helpers.R#L163   if (!inherits(data, "SummarizedExperim ...
R/se_helpers.R#L165   } ...
R/se_helpers.R#L167   param_tbl <- purrr::map_dfr(fit_tbl$fi ...
R/se_helpers.R#L169   growkar_store_se_metadata( ...
R/se_helpers.R#L174       model_fits = list(model = model) ...
R/se_helpers.R#L179   ) ...
R/se_helpers.R#L183   meta <- S4Vectors::metadata(data) ...
R/se_helpers.R#L184   additions <- list(...) ...
R/se_helpers.R#L186   for (name in names(additions)) { ...
R/se_helpers.R#L190       meta[[name]] <- utils::modifyList( ...
R/se_helpers.R#L192       meta[[name]] <- additions[[name]] ...
R/se_helpers.R#L194   } ...
R/se_helpers.R#L196   S4Vectors::metadata(data) <- meta ...
R/se_helpers.R#L197   data ...
R/select_palette.R#L37   color_tibble <- RColorBrewer::brewer.p ...
R/select_palette.R#L44   if (palette_name == "all_colors") { ...
R/select_palette.R#L46       dplyr::select("colors") |> ...
R/select_palette.R#L47       dplyr::slice(seq_len(min(num_of_co ...
R/select_palette.R#L48       dplyr::pull("colors") ...
R/select_palette.R#L49   } else { ...
R/select_palette.R#L51       dplyr::filter(.data$rn %in% palett ...
R/select_palette.R#L52       dplyr::select("colors") |> ...
R/select_palette.R#L53       dplyr::slice(seq_len(min(num_of_co ...
R/select_palette.R#L54       dplyr::pull("colors") ...
R/select_palette.R#L55   } ...
R/select_palette.R#L57   color_vector ...
R/summarize_growth_metrics.R#L44                                      met ...
R/summarize_growth_metrics.R#L45                                      ave ...
R/summarize_growth_metrics.R#L46                                      sel ...
R/summarize_growth_metrics.R#L47                                      com ...
R/summarize_growth_metrics.R#L48                                      com ...
R/summarize_growth_metrics.R#L49                                      err ...
R/summarize_growth_metrics.R#L50                                      pva ...
R/summarize_growth_metrics.R#L51                                      ... ...
R/summarize_growth_metrics.R#L52   se <- growkar_as_se(data) ...
R/summarize_growth_metrics.R#L53   tidy_data <- as_tidy_growth_data(se) ...
R/summarize_growth_metrics.R#L54   tidy_data <- validate_growth_data(tidy ...
R/summarize_growth_metrics.R#L55   error <- match.arg(error) ...
R/summarize_growth_metrics.R#L56   pvalue_method <- match.arg(pvalue_meth ...
R/summarize_growth_metrics.R#L58   if (!is.null(comparison_col)) { ...
R/summarize_growth_metrics.R#L60       stop("`comparison_col` must refer  ...
R/summarize_growth_metrics.R#L64       stop( ...
R/summarize_growth_metrics.R#L67       ) ...
R/summarize_growth_metrics.R#L71       data = tidy_data, ...
R/summarize_growth_metrics.R#L72       method = match.arg(method), ...
R/summarize_growth_metrics.R#L73       select_replicates = select_replica ...
R/summarize_growth_metrics.R#L74       average_replicates = FALSE, ...
R/summarize_growth_metrics.R#L75       ... ...
R/summarize_growth_metrics.R#L77       dplyr::mutate(doubling_time = comp ...
R/summarize_growth_metrics.R#L80       dplyr::distinct(.data$sample, .dat ...
R/summarize_growth_metrics.R#L85       growkar_summarize_doubling_time_st ...
R/summarize_growth_metrics.R#L91       ) ...
R/summarize_growth_metrics.R#L93   } ...
R/summarize_growth_metrics.R#L95   metrics <- compute_growth_rate( ...
R/summarize_growth_metrics.R#L101   ) ...
R/summarize_growth_metrics.R#L103   dplyr::mutate(metrics, doubling_time = ...
R/summarize_growth_metrics.R#L107                                          ...
R/summarize_growth_metrics.R#L108                                          ...
R/summarize_growth_metrics.R#L109                                          ...
R/summarize_growth_metrics.R#L110                                          ...
R/summarize_growth_metrics.R#L111   error <- match.arg(error) ...
R/summarize_growth_metrics.R#L112   pvalue_method <- match.arg(pvalue_meth ...
R/summarize_growth_metrics.R#L114   if (!is.null(compare_to) && !compare_t ...
R/summarize_growth_metrics.R#L116   } ...
R/summarize_growth_metrics.R#L118   summarized <- replicate_metrics |> ...
R/summarize_growth_metrics.R#L121       mean_mu = mean(.data$mu, na.rm = T ...
R/summarize_growth_metrics.R#L122       mean_doubling_time = mean(.data$do ...
R/summarize_growth_metrics.R#L123       sd_doubling_time = stats::sd(.data ...
R/summarize_growth_metrics.R#L124       n_replicates = sum(!is.na(.data$do ...
R/summarize_growth_metrics.R#L125       .groups = "drop" ...
R/summarize_growth_metrics.R#L128       error_bar = dplyr::if_else( ...
R/summarize_growth_metrics.R#L131           .data$sd_doubling_time ...
R/summarize_growth_metrics.R#L133           .data$sd_doubling_time / sqrt( ...
R/summarize_growth_metrics.R#L136       ) ...
R/summarize_growth_metrics.R#L139   pvalues <- growkar_compute_doubling_ti ...
R/summarize_growth_metrics.R#L144   ) ...
R/summarize_growth_metrics.R#L146   dplyr::left_join(summarized, pvalues,  ...
R/summarize_growth_metrics.R#L150                                          ...
R/summarize_growth_metrics.R#L151                                          ...
R/summarize_growth_metrics.R#L152                                          ...
R/summarize_growth_metrics.R#L153   pvalue_method <- match.arg(pvalue_meth ...
R/summarize_growth_metrics.R#L154   groups <- unique(replicate_metrics[[co ...
R/summarize_growth_metrics.R#L156   if (is.null(compare_to)) { ...
R/summarize_growth_metrics.R#L158       dplyr::mutate( ...
R/summarize_growth_metrics.R#L161       ) ...
R/summarize_growth_metrics.R#L164   } ...
R/summarize_growth_metrics.R#L166   reference_values <- replicate_metrics  ...
R/summarize_growth_metrics.R#L169   reference_values <- reference_values[i ...
R/summarize_growth_metrics.R#L171   out <- purrr::map_dfr(groups, function ...
R/summarize_growth_metrics.R#L173       return(tibble::tibble( ...
R/summarize_growth_metrics.R#L177       )) ...
R/summarize_growth_metrics.R#L181       dplyr::filter(.data[[comparison_co ...
R/summarize_growth_metrics.R#L182       dplyr::pull("doubling_time") ...
R/summarize_growth_metrics.R#L186       return(tibble::tibble( ...
R/summarize_growth_metrics.R#L190       )) ...
R/summarize_growth_metrics.R#L194       { ...
R/summarize_growth_metrics.R#L196           stats::wilcox.test(group_value ...
R/summarize_growth_metrics.R#L198           stats::t.test(group_values, re ...
R/summarize_growth_metrics.R#L200       }, ...
R/summarize_growth_metrics.R#L201       error = function(e) NULL ...
R/summarize_growth_metrics.R#L206       group = group_value, ...
R/summarize_growth_metrics.R#L207       p_value = p_value, ...
R/summarize_growth_metrics.R#L208       p_value_label = growkar_pvalue_lab ...
R/summarize_growth_metrics.R#L210   }) ...
R/summarize_growth_metrics.R#L211   out$p_value_label[out$group %in% compa ...
R/summarize_growth_metrics.R#L213   names(out)[names(out) == "group"] <- c ...
R/summarize_growth_metrics.R#L214   out ...
R/summarize_growth_metrics.R#L218   if (is.na(p_value)) { ...
R/summarize_growth_metrics.R#L220   } ...
R/summarize_growth_metrics.R#L222   if (p_value <= 1e-04) { ...
R/summarize_growth_metrics.R#L224   } ...
R/summarize_growth_metrics.R#L225   if (p_value <= 1e-03) { ...
R/summarize_growth_metrics.R#L227   } ...
R/summarize_growth_metrics.R#L228   if (p_value <= 1e-02) { ...
R/summarize_growth_metrics.R#L230   } ...
R/summarize_growth_metrics.R#L231   if (p_value <= 5e-02) { ...
R/summarize_growth_metrics.R#L233   } ...
R/summarize_growth_metrics.R#L235   "ns" ...
R/validate_growth_data.R#L25                                  allow_n ...
R/validate_growth_data.R#L26                                  require ...
R/validate_growth_data.R#L27                                  min_poi ...
R/validate_growth_data.R#L28                                  warn_ze ...
R/validate_growth_data.R#L29                                  require ...
R/validate_growth_data.R#L30   data <- tibble::as_tibble(data) ...
R/validate_growth_data.R#L31   validate_required_columns(data) ...
R/validate_growth_data.R#L32   validate_column_types(data) ...
R/validate_growth_data.R#L33   validate_finite_values(data, require_f ...
R/validate_growth_data.R#L34   validate_missing_key_values(data) ...
R/validate_growth_data.R#L35   validate_non_negative_od(data, allow_n ...
R/validate_growth_data.R#L36   validate_duplicate_sample_time(data) ...
R/validate_growth_data.R#L37   validate_time_order(data, require_incr ...
R/validate_growth_data.R#L38   validate_min_points_per_sample(data, m ...
R/validate_growth_data.R#L39   warn_zero_od_values(data, warn_zero_od ...
R/validate_growth_data.R#L41   data ...
R/validate_growth_data.R#L45   required_cols <- c("sample", "time", " ...
R/validate_growth_data.R#L46   missing_cols <- setdiff(required_cols, ...
R/validate_growth_data.R#L48   if (length(missing_cols) > 0L) { ...
R/validate_growth_data.R#L50       "Missing required columns: ", ...
R/validate_growth_data.R#L51       paste(missing_cols, collapse = ",  ...
R/validate_growth_data.R#L52       call. = FALSE ...
R/validate_growth_data.R#L54   } ...
R/validate_growth_data.R#L58   if (!is.numeric(data$time)) { ...
R/validate_growth_data.R#L60   } ...
R/validate_growth_data.R#L62   if (!is.numeric(data$od)) { ...
R/validate_growth_data.R#L64   } ...
R/validate_growth_data.R#L68   missing_rows <- which(is.na(data$sampl ...
R/validate_growth_data.R#L69   if (length(missing_rows) > 0L) { ...
R/validate_growth_data.R#L71       "`sample`, `time`, and `od` must n ...
R/validate_growth_data.R#L72       missing_rows[[1]], ...
R/validate_growth_data.R#L73       ".", ...
R/validate_growth_data.R#L74       call. = FALSE ...
R/validate_growth_data.R#L76   } ...
R/validate_growth_data.R#L80   if (!isTRUE(require_finite)) { ...
R/validate_growth_data.R#L82   } ...
R/validate_growth_data.R#L84   bad_rows <- which(!is.finite(data$time ...
R/validate_growth_data.R#L85   if (length(bad_rows) > 0L) { ...
R/validate_growth_data.R#L88       "`time` and `od` must contain only ...
R/validate_growth_data.R#L89       paste(utils::head(bad_samples, 5L) ...
R/validate_growth_data.R#L90       ".", ...
R/validate_growth_data.R#L91       call. = FALSE ...
R/validate_growth_data.R#L93   } ...
R/validate_growth_data.R#L97   if (isTRUE(allow_negative_od)) { ...
R/validate_growth_data.R#L99   } ...
R/validate_growth_data.R#L101   bad_rows <- which(data$od < 0) ...
R/validate_growth_data.R#L102   if (length(bad_rows) > 0L) { ...
R/validate_growth_data.R#L105       "Negative `od` values are not allo ...
R/validate_growth_data.R#L106       paste(utils::head(bad_samples, 5L) ...
R/validate_growth_data.R#L107       ".", ...
R/validate_growth_data.R#L108       call. = FALSE ...
R/validate_growth_data.R#L110   } ...
R/validate_growth_data.R#L114   duplicate_rows <- duplicated(data[c("s ...
R/validate_growth_data.R#L115   if (any(duplicate_rows)) { ...
R/validate_growth_data.R#L118       "Duplicate `sample`-`time` rows ar ...
R/validate_growth_data.R#L119       duplicate_keys$sample[[1]], ...
R/validate_growth_data.R#L120       "`, time = ", ...
R/validate_growth_data.R#L121       duplicate_keys$time[[1]], ...
R/validate_growth_data.R#L122       ".", ...
R/validate_growth_data.R#L123       call. = FALSE ...
R/validate_growth_data.R#L125   } ...
R/validate_growth_data.R#L129   if (!isTRUE(require_increasing_time))  ...
R/validate_growth_data.R#L131   } ...
R/validate_growth_data.R#L133   bad_samples <- data |> ...
R/validate_growth_data.R#L136       is_increasing = all(diff(.data$tim ...
R/validate_growth_data.R#L137       .groups = "drop" ...
R/validate_growth_data.R#L142   if (length(bad_samples) > 0L) { ...
R/validate_growth_data.R#L144       "`time` must be strictly increasin ...
R/validate_growth_data.R#L145       paste(utils::head(bad_samples, 5L) ...
R/validate_growth_data.R#L146       ".", ...
R/validate_growth_data.R#L147       call. = FALSE ...
R/validate_growth_data.R#L149   } ...
R/validate_growth_data.R#L153   min_points_per_sample <- as.integer(mi ...
R/validate_growth_data.R#L154   if (is.na(min_points_per_sample) || mi ...
R/validate_growth_data.R#L156   } ...
R/validate_growth_data.R#L158   bad_samples <- data |> ...
R/validate_growth_data.R#L162   if (nrow(bad_samples) > 0L) { ...
R/validate_growth_data.R#L165       "Each sample must contain at least ...
R/validate_growth_data.R#L166       min_points_per_sample, ...
R/validate_growth_data.R#L167       " point(s). Problematic sample(s): ...
R/validate_growth_data.R#L168       paste(utils::head(sample_labels, 5 ...
R/validate_growth_data.R#L169       ".", ...
R/validate_growth_data.R#L170       call. = FALSE ...
R/validate_growth_data.R#L172   } ...
R/validate_growth_data.R#L176   if (!isTRUE(warn_zero_od)) { ...
R/validate_growth_data.R#L178   } ...
R/validate_growth_data.R#L180   zero_samples <- unique(as.character(da ...
R/validate_growth_data.R#L181   if (length(zero_samples) > 0L) { ...
R/validate_growth_data.R#L183       "Zero `od` values detected. Log-ba ...
R/validate_growth_data.R#L184       paste(utils::head(zero_samples, 5L ...
R/validate_growth_data.R#L185       ".", ...
R/validate_growth_data.R#L186       call. = FALSE ...
R/validate_growth_data.R#L188   } ...
vignettes/growkar-introduction.Rmd#L12   collapse = TRUE, ...
vignettes/growkar-introduction.Rmd#L13   comment = "#>" ...
vignettes/growkar-introduction.Rmd#L22   pkgload::load_all(pkg_root, export_all ...
vignettes/growkar-introduction.Rmd#L120   se, ...
vignettes/growkar-introduction.Rmd#L121   average_replicates = TRUE, ...
vignettes/growkar-introduction.Rmd#L122   colour_col = "condition", ...
vignettes/growkar-introduction.Rmd#L123   palette_name = "Dark2" ...
vignettes/growkar-introduction.Rmd#L131   se, ...
vignettes/growkar-introduction.Rmd#L132   average_replicates = FALSE, ...
vignettes/growkar-introduction.Rmd#L133   colour_col = "condition", ...
vignettes/growkar-introduction.Rmd#L134   facet_col = "replicate", ...
vignettes/growkar-introduction.Rmd#L135   palette_name = "Dark2" ...
vignettes/growkar-introduction.Rmd#L143   se, ...
vignettes/growkar-introduction.Rmd#L144   method = "rolling_window", ...
vignettes/growkar-introduction.Rmd#L145   average_replicates = TRUE ...
vignettes/growkar-introduction.Rmd#L164   tibble( ...
vignettes/growkar-introduction.Rmd#L168   ), ...
vignettes/growkar-introduction.Rmd#L169   digits = 3 ...
vignettes/growkar-introduction.Rmd#L192   filter(sample == sample_id) ...
vignettes/growkar-introduction.Rmd#L204   tibble( ...
vignettes/growkar-introduction.Rmd#L208   ), ...
vignettes/growkar-introduction.Rmd#L209   model = "logistic" ...
vignettes/growkar-introduction.Rmd#L235   very sparse or flat curves. ...
vignettes/growkar-introduction.Rmd#L237   ignore them. ...
vignettes/growkar-introduction.Rmd#L239   diagnostics rather than throwing a cry ...
Checking if package already exists in CRAN... OK
Checking for bioc-devel mailing list subscription...
Cannot determine whether maintainer is subscribed to the Bioc-Devel mailing list (requires admin credentials). Subscribe here: https://stat.ethz.ch/mailman/listinfo/bioc-devel
Checking for support site registration...
Unable to find your email in the Support Site:
  [1m[22mHTTP 502 Bad Gateway.
